Thu May  6 00:17:33 -03 2021
removing dask-worker-space...
Thu May  6 00:17:33 -03 2021
copying parquet files...
Thu May  6 00:18:20 -03 2021
Start executing python script...
Pandas version 1.2.1
Generating Dask Client...
Pandas version 1.2.1
Pandas version 1.2.1
Pandas version 1.2.1
Pandas version 1.2.1
Number of CPUs detected: 16
Pandas version 1.2.1
Continue with query...
Building query to calculate 15-min mean consumption with consum-filter-95...
Building query to calculate weekday mean consumption with consum-filter-95...
Computing consumption 15-min...
Computing consumption weekday...
FIN.
...finished python script.
Thu May  6 03:04:20 -03 2021
Starting to remove the files in scratch...
...finished the file removal.
FIN.
